2024-07-04T08:59:17.417Z - info: [ui] [AppStore] loading 0 repositories from store
2024-07-04T08:59:17.527Z - info: [ui] [Welcome] no sign in step found. ignoring...
2024-07-04T08:59:17.545Z - info: [ui] [Welcome] no sign in step found. ignoring...
2024-07-04T08:59:17.559Z - info: [ui] [Welcome] no sign in step found. ignoring...
2024-07-04T08:59:17.578Z - info: [ui] [Welcome] no sign in step found. ignoring...
2024-07-04T08:59:17.583Z - info: [ui] launching: 3.3.18-linux1 (Linux 6.9.7-arch1-1)
2024-07-04T08:59:17.585Z - info: [ui] execPath: '/opt/github-desktop/github-desktop'
2024-07-04T08:59:17.792Z - info: [ui] [Welcome] no sign in step found. ignoring...
2024-07-04T08:59:18.539Z - info: [ui] Opt in reported.
2024-07-04T08:59:19.359Z - info: [ui] [Welcome] advancing to step: SignInToDotComWithBrowser
2024-07-04T08:59:19.606Z - info: [ui] [SignInStore] initializing OAuth flow
2024-07-04T08:59:19.606Z - info: [main] opening in browser: https://github.com/login/oauth/authorize?client_id=3a723b10ac5575cc5bb9&scope=repo%20user%20workflow&state=d8cb16a1-1d61-455a-b574-74c642a54420
2024-07-04T08:59:19.606Z - info: [ui] [Welcome] current sign in state not found. ignoring...
2024-07-04T08:59:24.431Z - info: [ui] [Welcome] kind Authentication is the same as Authentication. ignoring...
2024-07-04T08:59:27.272Z - info: [main] Received possible protocol arguments: 3
2024-07-04T08:59:27.272Z - info: [main] Processing protocol url
2024-07-04T08:59:27.273Z - info: [ui] [Dispatcher] requesting authenticated user
2024-07-04T08:59:27.370Z - info: [main] Received possible protocol arguments: 2
2024-07-04T08:59:27.382Z - info: [main] Processing protocol url
2024-07-04T08:59:28.039Z - info: [ui] [Welcome] kind Authentication is the same as Authentication. ignoring...
2024-07-04T08:59:28.585Z - info: [ui] [Welcome] kind Authentication is the same as Authentication. ignoring...
2024-07-04T08:59:28.730Z - info: [ui] [SignInStore] account resolved
2024-07-04T08:59:28.730Z - info: [ui] [AppStore] adding account Nekomi-ch (Nekomi Fujiwara) to store
2024-07-04T08:59:28.739Z - info: [ui] [Welcome] advancing to step: ConfigureGit
2024-07-04T08:59:28.848Z - info: [ui] [Welcome] no sign in step found. ignoring...
2024-07-04T08:59:29.087Z - info: [ui] [Welcome] no sign in step found. ignoring...
2024-07-04T08:59:44.833Z - info: [ui] [Welcome] no sign in step found. ignoring...
2024-07-04T08:59:44.934Z - info: [ui] [Welcome] no sign in step found. ignoring...
2024-07-04T08:59:45.527Z - info: [ui] [Welcome] no sign in step found. ignoring...
2024-07-04T08:59:45.601Z - info: [ui] Subscribed 'Nekomi-ch' to Alive channel
2024-07-04T09:00:06.058Z - info: [ui] [AppStore] adding repository at /home/nekomi/NekomiOSdots/NekomiOS-dots to store
2024-07-04T09:00:07.252Z - info: [ui] [BranchPruner] No branches to prune.
2024-07-04T09:00:08.168Z - info: [ui] [AppStore.withAuthenticatingUser] account found for repository: NekomiOS-dots - Nekomi-ch (has token)
2024-07-04T09:00:10.018Z - info: [ui] Executing push: git -c credential.helper= push origin main:main --progress (took 1.824s)
2024-07-04T09:00:19.443Z - info: [ui] [RepositoryIndicatorUpdater]: Refreshing sidebar indicators for 1 repositories took 0.0s of which 0.0s paused, total 0.0s
2024-07-04T09:00:33.156Z - info: [ui] [AppStore] adding repository at /home/nekomi/MDCBTC_files/MDCBTC_Files to store
2024-07-04T09:00:33.805Z - info: [ui] [AppStore.withAuthenticatingUser] account found for repository: MDCBTC_Files - Nekomi-ch (has token)
2024-07-04T09:00:34.330Z - info: [ui] [BranchPruner] No branches to prune.
2024-07-04T09:00:41.799Z - info: [ui] [BranchPruner] Last prune took place 35 seconds ago - skipping
