2024-07-03T09:19:23.378Z - info: [ui] [AppStore] loading 0 repositories from store
2024-07-03T09:19:23.599Z - info: [ui] launching: 3.3.18-linux1 (Linux 6.9.7-arch1-1)
2024-07-03T09:19:23.615Z - info: [ui] execPath: '/opt/github-desktop/github-desktop'
2024-07-03T09:19:23.620Z - info: [ui] [Welcome] no sign in step found. ignoring...
2024-07-03T09:19:23.637Z - info: [ui] [Welcome] no sign in step found. ignoring...
2024-07-03T09:19:23.653Z - info: [ui] [Welcome] no sign in step found. ignoring...
2024-07-03T09:19:23.844Z - info: [ui] Opt in reported.
2024-07-03T09:19:23.865Z - info: [ui] [Welcome] no sign in step found. ignoring...
2024-07-03T09:19:27.679Z - info: [ui] [Welcome] advancing to step: SignInToDotComWithBrowser
2024-07-03T09:19:27.683Z - info: [ui] [SignInStore] initializing OAuth flow
2024-07-03T09:19:27.693Z - info: [main] opening in browser: https://github.com/login/oauth/authorize?client_id=3a723b10ac5575cc5bb9&scope=repo%20user%20workflow&state=76eed654-1c33-4d6d-9f12-dbe3a6e7e5fe
2024-07-03T09:19:27.693Z - info: [ui] [Welcome] current sign in state not found. ignoring...
2024-07-03T09:20:06.570Z - info: [ui] [Welcome] kind Authentication is the same as Authentication. ignoring...
2024-07-03T09:20:14.447Z - info: [ui] [Welcome] kind Authentication is the same as Authentication. ignoring...
2024-07-03T09:20:16.261Z - info: [ui] [Welcome] kind Authentication is the same as Authentication. ignoring...
2024-07-03T09:20:41.190Z - info: [ui] [Welcome] kind Authentication is the same as Authentication. ignoring...
2024-07-03T09:20:41.760Z - info: [ui] [Welcome] kind Authentication is the same as Authentication. ignoring...
2024-07-03T09:21:53.916Z - info: [ui] [Welcome] kind Authentication is the same as Authentication. ignoring...
2024-07-03T09:21:58.012Z - info: [ui] [Welcome] kind Authentication is the same as Authentication. ignoring...
2024-07-03T09:24:40.837Z - info: [ui] [Welcome] kind Authentication is the same as Authentication. ignoring...
2024-07-03T09:24:41.735Z - info: [ui] [Welcome] kind Authentication is the same as Authentication. ignoring...
2024-07-03T09:24:56.128Z - info: [ui] [Welcome] kind Authentication is the same as Authentication. ignoring...
2024-07-03T09:25:06.532Z - info: [ui] [Welcome] kind Authentication is the same as Authentication. ignoring...
2024-07-03T09:25:39.352Z - info: [main] Received possible protocol arguments: 3
2024-07-03T09:25:39.352Z - info: [main] Processing protocol url
2024-07-03T09:25:39.364Z - info: [ui] [Dispatcher] requesting authenticated user
2024-07-03T09:25:39.440Z - info: [main] Received possible protocol arguments: 2
2024-07-03T09:25:39.451Z - info: [main] Processing protocol url
2024-07-03T09:25:40.191Z - info: [ui] [Welcome] kind Authentication is the same as Authentication. ignoring...
2024-07-03T09:25:41.045Z - info: [ui] [SignInStore] account resolved
2024-07-03T09:25:41.047Z - info: [ui] [AppStore] adding account Nekomi-ch (Nekomi Fujiwara) to store
2024-07-03T09:25:41.084Z - error: [ui] Error adding account 'Nekomi-ch'
Error: The name is not activatable
2024-07-03T09:25:41.193Z - info: [ui] [Welcome] advancing to step: ConfigureGit
2024-07-03T09:25:41.931Z - info: [ui] [Welcome] no sign in step found. ignoring...
2024-07-03T09:25:53.152Z - info: [ui] [Welcome] advancing to step: Start
2024-07-03T09:25:54.086Z - info: [ui] [Welcome] advancing to step: SignInToDotComWithBrowser
2024-07-03T09:25:54.087Z - info: [ui] [SignInStore] initializing OAuth flow
2024-07-03T09:25:54.092Z - info: [main] opening in browser: https://github.com/login/oauth/authorize?client_id=3a723b10ac5575cc5bb9&scope=repo%20user%20workflow&state=bbe6941f-b62d-44a0-a213-c2325ce93281
2024-07-03T09:25:54.093Z - info: [ui] [Welcome] current sign in state not found. ignoring...
2024-07-03T09:25:55.511Z - info: [ui] [Welcome] kind Authentication is the same as Authentication. ignoring...
2024-07-03T09:26:03.244Z - info: [main] Received possible protocol arguments: 3
2024-07-03T09:26:03.244Z - info: [main] Processing protocol url
2024-07-03T09:26:03.245Z - info: [ui] [Dispatcher] requesting authenticated user
2024-07-03T09:26:03.328Z - info: [main] Received possible protocol arguments: 2
2024-07-03T09:26:03.335Z - info: [main] Processing protocol url
2024-07-03T09:26:04.133Z - info: [ui] [Welcome] kind Authentication is the same as Authentication. ignoring...
2024-07-03T09:26:04.460Z - info: [ui] [SignInStore] account resolved
2024-07-03T09:26:04.461Z - info: [ui] [AppStore] adding account Nekomi-ch (Nekomi Fujiwara) to store
2024-07-03T09:26:04.468Z - error: [ui] Error adding account 'Nekomi-ch'
Error: The name is not activatable
2024-07-03T09:26:05.134Z - info: [ui] [Welcome] advancing to step: ConfigureGit
2024-07-03T09:26:05.634Z - info: [ui] [Welcome] no sign in step found. ignoring...
